{"C:\\Users\\Jyotsna\\Desktop\\Projects\\collaborative-task-manager\\backend\\src\\app.ts": {"path":"C:\\Users\\Jyotsna\\Desktop\\Projects\\collaborative-task-manager\\backend\\src\\app.ts","statementMap":{"0":{"start":{"line":1,"column":0},"end":{"line":1,"column":66}},"1":{"start":{"line":2,"column":0},"end":{"line":2,"column":24}},"2":{"start":{"line":3,"column":0},"end":{"line":3,"column":28}},"3":{"start":{"line":4,"column":0},"end":{"line":4,"column":41}},"4":{"start":{"line":5,"column":0},"end":{"line":5,"column":46}},"5":{"start":{"line":6,"column":0},"end":{"line":6,"column":46}},"6":{"start":{"line":7,"column":0},"end":{"line":7,"column":46}},"7":{"start":{"line":9,"column":0},"end":{"line":9,"column":16}},"8":{"start":{"line":11,"column":25},"end":{"line":11,"column":34}},"9":{"start":{"line":14,"column":0},"end":{"line":17,"column":4}},"10":{"start":{"line":18,"column":0},"end":{"line":18,"column":24}},"11":{"start":{"line":19,"column":0},"end":{"line":19,"column":48}},"12":{"start":{"line":20,"column":0},"end":{"line":20,"column":24}},"13":{"start":{"line":23,"column":0},"end":{"line":25,"column":3}},"14":{"start":{"line":24,"column":2},"end":{"line":24,"column":71}},"15":{"start":{"line":28,"column":0},"end":{"line":28,"column":36}},"16":{"start":{"line":29,"column":0},"end":{"line":29,"column":37}},"17":{"start":{"line":30,"column":0},"end":{"line":30,"column":37}},"18":{"start":{"line":32,"column":0},"end":{"line":32,"column":19}}},"fnMap":{"0":{"name":"(anonymous_1)","decl":{"start":{"line":23,"column":19},"end":{"line":23,"column":20}},"loc":{"start":{"line":23,"column":51},"end":{"line":25,"column":1}}}},"branchMap":{"0":{"loc":{"start":{"line":15,"column":10},"end":{"line":15,"column":59}},"type":"binary-expr","locations":[{"start":{"line":15,"column":10},"end":{"line":15,"column":32}},{"start":{"line":15,"column":36},"end":{"line":15,"column":59}}]}},"s":{"0":0,"1":0,"2":0,"3":0,"4":0,"5":0,"6":0,"7":0,"8":0,"9":0,"10":0,"11":0,"12":0,"13":0,"14":0,"15":0,"16":0,"17":0,"18":0},"f":{"0":0},"b":{"0":[0,0]}}
,"C:\\Users\\Jyotsna\\Desktop\\Projects\\collaborative-task-manager\\backend\\src\\server.ts": {"path":"C:\\Users\\Jyotsna\\Desktop\\Projects\\collaborative-task-manager\\backend\\src\\server.ts","statementMap":{"0":{"start":{"line":1,"column":0},"end":{"line":1,"column":24}},"1":{"start":{"line":2,"column":0},"end":{"line":2,"column":36}},"2":{"start":{"line":3,"column":0},"end":{"line":3,"column":35}},"3":{"start":{"line":4,"column":0},"end":{"line":4,"column":59}},"4":{"start":{"line":6,"column":13},"end":{"line":6,"column":37}},"5":{"start":{"line":9,"column":19},"end":{"line":9,"column":36}},"6":{"start":{"line":12,"column":11},"end":{"line":17,"column":2}},"7":{"start":{"line":20,"column":0},"end":{"line":20,"column":25}},"8":{"start":{"line":23,"column":0},"end":{"line":23,"column":18}},"9":{"start":{"line":26,"column":0},"end":{"line":28,"column":3}},"10":{"start":{"line":27,"column":2},"end":{"line":27,"column":51}}},"fnMap":{"0":{"name":"(anonymous_1)","decl":{"start":{"line":26,"column":24},"end":{"line":26,"column":27}},"loc":{"start":{"line":26,"column":29},"end":{"line":28,"column":1}}}},"branchMap":{"0":{"loc":{"start":{"line":6,"column":13},"end":{"line":6,"column":37}},"type":"binary-expr","locations":[{"start":{"line":6,"column":13},"end":{"line":6,"column":29}},{"start":{"line":6,"column":33},"end":{"line":6,"column":37}}]},"1":{"loc":{"start":{"line":14,"column":12},"end":{"line":14,"column":61}},"type":"binary-expr","locations":[{"start":{"line":14,"column":12},"end":{"line":14,"column":34}},{"start":{"line":14,"column":38},"end":{"line":14,"column":61}}]}},"s":{"0":0,"1":0,"2":0,"3":0,"4":0,"5":0,"6":0,"7":0,"8":0,"9":0,"10":0},"f":{"0":0},"b":{"0":[0,0],"1":[0,0]}}
,"C:\\Users\\Jyotsna\\Desktop\\Projects\\collaborative-task-manager\\backend\\src\\config\\database.ts": {"path":"C:\\Users\\Jyotsna\\Desktop\\Projects\\collaborative-task-manager\\backend\\src\\config\\database.ts","statementMap":{"0":{"start":{"line":1,"column":0},"end":{"line":1,"column":46}},"1":{"start":{"line":2,"column":0},"end":{"line":2,"column":46}},"2":{"start":{"line":3,"column":0},"end":{"line":3,"column":26}},"3":{"start":{"line":4,"column":0},"end":{"line":4,"column":28}},"4":{"start":{"line":7,"column":0},"end":{"line":7,"column":16}},"5":{"start":{"line":9,"column":25},"end":{"line":9,"column":50}},"6":{"start":{"line":11,"column":13},"end":{"line":11,"column":43}},"7":{"start":{"line":12,"column":16},"end":{"line":12,"column":34}},"8":{"start":{"line":13,"column":15},"end":{"line":13,"column":44}},"9":{"start":{"line":15,"column":0},"end":{"line":15,"column":22}}},"fnMap":{},"branchMap":{},"s":{"0":2,"1":2,"2":2,"3":2,"4":2,"5":2,"6":2,"7":2,"8":2,"9":2},"f":{},"b":{}}
,"C:\\Users\\Jyotsna\\Desktop\\Projects\\collaborative-task-manager\\backend\\src\\controllers\\auth.controller.ts": {"path":"C:\\Users\\Jyotsna\\Desktop\\Projects\\collaborative-task-manager\\backend\\src\\controllers\\auth.controller.ts","statementMap":{"0":{"start":{"line":2,"column":0},"end":{"line":2,"column":55}},"1":{"start":{"line":3,"column":0},"end":{"line":3,"column":63}},"2":{"start":{"line":15,"column":2},"end":{"line":43,"column":4}},"3":{"start":{"line":16,"column":4},"end":{"line":42,"column":5}},"4":{"start":{"line":18,"column":28},"end":{"line":18,"column":58}},"5":{"start":{"line":21,"column":21},"end":{"line":21,"column":67}},"6":{"start":{"line":24,"column":6},"end":{"line":29,"column":9}},"7":{"start":{"line":31,"column":6},"end":{"line":35,"column":9}},"8":{"start":{"line":37,"column":6},"end":{"line":41,"column":7}},"9":{"start":{"line":38,"column":8},"end":{"line":38,"column":83}},"10":{"start":{"line":40,"column":8},"end":{"line":40,"column":73}},"11":{"start":{"line":48,"column":2},"end":{"line":76,"column":4}},"12":{"start":{"line":49,"column":4},"end":{"line":75,"column":5}},"13":{"start":{"line":51,"column":28},"end":{"line":51,"column":55}},"14":{"start":{"line":54,"column":21},"end":{"line":54,"column":64}},"15":{"start":{"line":57,"column":6},"end":{"line":62,"column":9}},"16":{"start":{"line":64,"column":6},"end":{"line":68,"column":9}},"17":{"start":{"line":70,"column":6},"end":{"line":74,"column":7}},"18":{"start":{"line":71,"column":8},"end":{"line":71,"column":83}},"19":{"start":{"line":73,"column":8},"end":{"line":73,"column":73}},"20":{"start":{"line":81,"column":2},"end":{"line":84,"column":4}},"21":{"start":{"line":82,"column":4},"end":{"line":82,"column":29}},"22":{"start":{"line":83,"column":4},"end":{"line":83,"column":80}},"23":{"start":{"line":9,"column":4},"end":{"line":9,"column":41}},"24":{"start":{"line":5,"column":0},"end":{"line":5,"column":13}}},"fnMap":{"0":{"name":"(anonymous_0)","decl":{"start":{"line":8,"column":2},"end":{"line":8,"column":null}},"loc":{"start":{"line":8,"column":2},"end":{"line":10,"column":3}}},"1":{"name":"(anonymous_1)","decl":{"start":{"line":15,"column":13},"end":{"line":15,"column":18}},"loc":{"start":{"line":15,"column":66},"end":{"line":43,"column":3}}},"2":{"name":"(anonymous_2)","decl":{"start":{"line":48,"column":10},"end":{"line":48,"column":15}},"loc":{"start":{"line":48,"column":63},"end":{"line":76,"column":3}}},"3":{"name":"(anonymous_3)","decl":{"start":{"line":81,"column":11},"end":{"line":81,"column":16}},"loc":{"start":{"line":81,"column":64},"end":{"line":84,"column":3}}}},"branchMap":{"0":{"loc":{"start":{"line":37,"column":6},"end":{"line":41,"column":7}},"type":"if","locations":[{"start":{"line":37,"column":6},"end":{"line":41,"column":7}},{"start":{"line":39,"column":13},"end":{"line":41,"column":7}}]},"1":{"loc":{"start":{"line":70,"column":6},"end":{"line":74,"column":7}},"type":"if","locations":[{"start":{"line":70,"column":6},"end":{"line":74,"column":7}},{"start":{"line":72,"column":13},"end":{"line":74,"column":7}}]}},"s":{"0":0,"1":0,"2":0,"3":0,"4":0,"5":0,"6":0,"7":0,"8":0,"9":0,"10":0,"11":0,"12":0,"13":0,"14":0,"15":0,"16":0,"17":0,"18":0,"19":0,"20":0,"21":0,"22":0,"23":0,"24":0},"f":{"0":0,"1":0,"2":0,"3":0},"b":{"0":[0,0],"1":[0,0]}}
,"C:\\Users\\Jyotsna\\Desktop\\Projects\\collaborative-task-manager\\backend\\src\\controllers\\task.controller.ts": {"path":"C:\\Users\\Jyotsna\\Desktop\\Projects\\collaborative-task-manager\\backend\\src\\controllers\\task.controller.ts","statementMap":{"0":{"start":{"line":2,"column":0},"end":{"line":2,"column":55}},"1":{"start":{"line":3,"column":0},"end":{"line":3,"column":70}},"2":{"start":{"line":16,"column":2},"end":{"line":33,"column":4}},"3":{"start":{"line":17,"column":4},"end":{"line":32,"column":5}},"4":{"start":{"line":18,"column":28},"end":{"line":18,"column":60}},"5":{"start":{"line":19,"column":19},"end":{"line":19,"column":85}},"6":{"start":{"line":22,"column":17},"end":{"line":22,"column":34}},"7":{"start":{"line":23,"column":6},"end":{"line":23,"column":36}},"8":{"start":{"line":25,"column":6},"end":{"line":25,"column":58}},"9":{"start":{"line":27,"column":6},"end":{"line":31,"column":7}},"10":{"start":{"line":28,"column":8},"end":{"line":28,"column":83}},"11":{"start":{"line":30,"column":8},"end":{"line":30,"column":73}},"12":{"start":{"line":38,"column":2},"end":{"line":53,"column":4}},"13":{"start":{"line":39,"column":4},"end":{"line":52,"column":5}},"14":{"start":{"line":40,"column":54},"end":{"line":40,"column":63}},"15":{"start":{"line":42,"column":20},"end":{"line":47,"column":8}},"16":{"start":{"line":49,"column":6},"end":{"line":49,"column":59}},"17":{"start":{"line":51,"column":6},"end":{"line":51,"column":71}},"18":{"start":{"line":58,"column":2},"end":{"line":65,"column":4}},"19":{"start":{"line":59,"column":4},"end":{"line":64,"column":5}},"20":{"start":{"line":60,"column":19},"end":{"line":60,"column":68}},"21":{"start":{"line":61,"column":6},"end":{"line":61,"column":58}},"22":{"start":{"line":63,"column":6},"end":{"line":63,"column":71}},"23":{"start":{"line":70,"column":0},"end":{"line":100,"column":2}},"24":{"start":{"line":71,"column":2},"end":{"line":99,"column":3}},"25":{"start":{"line":72,"column":26},"end":{"line":72,"column":58}},"26":{"start":{"line":73,"column":19},"end":{"line":73,"column":100}},"27":{"start":{"line":76,"column":15},"end":{"line":76,"column":32}},"28":{"start":{"line":77,"column":4},"end":{"line":77,"column":36}},"29":{"start":{"line":80,"column":4},"end":{"line":86,"column":5}},"30":{"start":{"line":81,"column":6},"end":{"line":85,"column":9}},"31":{"start":{"line":88,"column":4},"end":{"line":88,"column":58}},"32":{"start":{"line":90,"column":4},"end":{"line":98,"column":5}},"33":{"start":{"line":91,"column":6},"end":{"line":91,"column":81}},"34":{"start":{"line":92,"column":11},"end":{"line":98,"column":5}},"35":{"start":{"line":93,"column":6},"end":{"line":93,"column":71}},"36":{"start":{"line":94,"column":11},"end":{"line":98,"column":5}},"37":{"start":{"line":95,"column":6},"end":{"line":95,"column":71}},"38":{"start":{"line":97,"column":6},"end":{"line":97,"column":71}},"39":{"start":{"line":106,"column":2},"end":{"line":124,"column":4}},"40":{"start":{"line":107,"column":4},"end":{"line":123,"column":5}},"41":{"start":{"line":108,"column":6},"end":{"line":108,"column":73}},"42":{"start":{"line":111,"column":17},"end":{"line":111,"column":34}},"43":{"start":{"line":112,"column":6},"end":{"line":112,"column":53}},"44":{"start":{"line":114,"column":6},"end":{"line":114,"column":84}},"45":{"start":{"line":116,"column":6},"end":{"line":122,"column":7}},"46":{"start":{"line":117,"column":8},"end":{"line":117,"column":73}},"47":{"start":{"line":118,"column":13},"end":{"line":122,"column":7}},"48":{"start":{"line":119,"column":8},"end":{"line":119,"column":73}},"49":{"start":{"line":121,"column":8},"end":{"line":121,"column":73}},"50":{"start":{"line":129,"column":2},"end":{"line":136,"column":4}},"51":{"start":{"line":130,"column":4},"end":{"line":135,"column":5}},"52":{"start":{"line":131,"column":24},"end":{"line":131,"column":77}},"53":{"start":{"line":132,"column":6},"end":{"line":132,"column":63}},"54":{"start":{"line":134,"column":6},"end":{"line":134,"column":71}},"55":{"start":{"line":10,"column":4},"end":{"line":10,"column":41}},"56":{"start":{"line":6,"column":0},"end":{"line":6,"column":13}}},"fnMap":{"0":{"name":"(anonymous_0)","decl":{"start":{"line":9,"column":2},"end":{"line":9,"column":null}},"loc":{"start":{"line":9,"column":2},"end":{"line":11,"column":3}}},"1":{"name":"(anonymous_1)","decl":{"start":{"line":16,"column":15},"end":{"line":16,"column":20}},"loc":{"start":{"line":16,"column":72},"end":{"line":33,"column":3}}},"2":{"name":"(anonymous_2)","decl":{"start":{"line":38,"column":13},"end":{"line":38,"column":18}},"loc":{"start":{"line":38,"column":70},"end":{"line":53,"column":3}}},"3":{"name":"(anonymous_3)","decl":{"start":{"line":58,"column":12},"end":{"line":58,"column":17}},"loc":{"start":{"line":58,"column":69},"end":{"line":65,"column":3}}},"4":{"name":"(anonymous_4)","decl":{"start":{"line":70,"column":13},"end":{"line":70,"column":18}},"loc":{"start":{"line":70,"column":70},"end":{"line":100,"column":1}}},"5":{"name":"(anonymous_5)","decl":{"start":{"line":106,"column":15},"end":{"line":106,"column":20}},"loc":{"start":{"line":106,"column":72},"end":{"line":124,"column":3}}},"6":{"name":"(anonymous_6)","decl":{"start":{"line":129,"column":17},"end":{"line":129,"column":22}},"loc":{"start":{"line":129,"column":74},"end":{"line":136,"column":3}}}},"branchMap":{"0":{"loc":{"start":{"line":27,"column":6},"end":{"line":31,"column":7}},"type":"if","locations":[{"start":{"line":27,"column":6},"end":{"line":31,"column":7}},{"start":{"line":29,"column":13},"end":{"line":31,"column":7}}]},"1":{"loc":{"start":{"line":80,"column":4},"end":{"line":86,"column":5}},"type":"if","locations":[{"start":{"line":80,"column":4},"end":{"line":86,"column":5}},{"start":{},"end":{}}]},"2":{"loc":{"start":{"line":80,"column":8},"end":{"line":80,"column":49}},"type":"binary-expr","locations":[{"start":{"line":80,"column":8},"end":{"line":80,"column":26}},{"start":{"line":80,"column":30},"end":{"line":80,"column":49}}]},"3":{"loc":{"start":{"line":90,"column":4},"end":{"line":98,"column":5}},"type":"if","locations":[{"start":{"line":90,"column":4},"end":{"line":98,"column":5}},{"start":{"line":92,"column":11},"end":{"line":98,"column":5}}]},"4":{"loc":{"start":{"line":92,"column":11},"end":{"line":98,"column":5}},"type":"if","locations":[{"start":{"line":92,"column":11},"end":{"line":98,"column":5}},{"start":{"line":94,"column":11},"end":{"line":98,"column":5}}]},"5":{"loc":{"start":{"line":94,"column":11},"end":{"line":98,"column":5}},"type":"if","locations":[{"start":{"line":94,"column":11},"end":{"line":98,"column":5}},{"start":{"line":96,"column":11},"end":{"line":98,"column":5}}]},"6":{"loc":{"start":{"line":116,"column":6},"end":{"line":122,"column":7}},"type":"if","locations":[{"start":{"line":116,"column":6},"end":{"line":122,"column":7}},{"start":{"line":118,"column":13},"end":{"line":122,"column":7}}]},"7":{"loc":{"start":{"line":118,"column":13},"end":{"line":122,"column":7}},"type":"if","locations":[{"start":{"line":118,"column":13},"end":{"line":122,"column":7}},{"start":{"line":120,"column":13},"end":{"line":122,"column":7}}]}},"s":{"0":0,"1":0,"2":0,"3":0,"4":0,"5":0,"6":0,"7":0,"8":0,"9":0,"10":0,"11":0,"12":0,"13":0,"14":0,"15":0,"16":0,"17":0,"18":0,"19":0,"20":0,"21":0,"22":0,"23":0,"24":0,"25":0,"26":0,"27":0,"28":0,"29":0,"30":0,"31":0,"32":0,"33":0,"34":0,"35":0,"36":0,"37":0,"38":0,"39":0,"40":0,"41":0,"42":0,"43":0,"44":0,"45":0,"46":0,"47":0,"48":0,"49":0,"50":0,"51":0,"52":0,"53":0,"54":0,"55":0,"56":0},"f":{"0":0,"1":0,"2":0,"3":0,"4":0,"5":0,"6":0},"b":{"0":[0,0],"1":[0,0],"2":[0,0],"3":[0,0],"4":[0,0],"5":[0,0],"6":[0,0],"7":[0,0]}}
,"C:\\Users\\Jyotsna\\Desktop\\Projects\\collaborative-task-manager\\backend\\src\\controllers\\user.controller.ts": {"path":"C:\\Users\\Jyotsna\\Desktop\\Projects\\collaborative-task-manager\\backend\\src\\controllers\\user.controller.ts","statementMap":{"0":{"start":{"line":2,"column":0},"end":{"line":2,"column":65}},"1":{"start":{"line":4,"column":0},"end":{"line":4,"column":24}},"2":{"start":{"line":6,"column":28},"end":{"line":8,"column":2}},"3":{"start":{"line":20,"column":2},"end":{"line":41,"column":4}},"4":{"start":{"line":21,"column":4},"end":{"line":40,"column":5}},"5":{"start":{"line":22,"column":19},"end":{"line":22,"column":71}},"6":{"start":{"line":24,"column":6},"end":{"line":27,"column":7}},"7":{"start":{"line":25,"column":8},"end":{"line":25,"column":76}},"8":{"start":{"line":26,"column":8},"end":{"line":26,"column":15}},"9":{"start":{"line":29,"column":6},"end":{"line":37,"column":9}},"10":{"start":{"line":39,"column":6},"end":{"line":39,"column":71}},"11":{"start":{"line":46,"column":2},"end":{"line":67,"column":4}},"12":{"start":{"line":47,"column":4},"end":{"line":66,"column":5}},"13":{"start":{"line":48,"column":28},"end":{"line":48,"column":63}},"14":{"start":{"line":50,"column":19},"end":{"line":50,"column":84}},"15":{"start":{"line":52,"column":6},"end":{"line":59,"column":9}},"16":{"start":{"line":61,"column":6},"end":{"line":65,"column":7}},"17":{"start":{"line":62,"column":8},"end":{"line":62,"column":83}},"18":{"start":{"line":64,"column":8},"end":{"line":64,"column":73}},"19":{"start":{"line":14,"column":4},"end":{"line":14,"column":47}},"20":{"start":{"line":10,"column":0},"end":{"line":10,"column":13}}},"fnMap":{"0":{"name":"(anonymous_0)","decl":{"start":{"line":13,"column":2},"end":{"line":13,"column":null}},"loc":{"start":{"line":13,"column":2},"end":{"line":15,"column":3}}},"1":{"name":"(anonymous_1)","decl":{"start":{"line":20,"column":15},"end":{"line":20,"column":20}},"loc":{"start":{"line":20,"column":72},"end":{"line":41,"column":3}}},"2":{"name":"(anonymous_2)","decl":{"start":{"line":46,"column":18},"end":{"line":46,"column":23}},"loc":{"start":{"line":46,"column":75},"end":{"line":67,"column":3}}}},"branchMap":{"0":{"loc":{"start":{"line":24,"column":6},"end":{"line":27,"column":7}},"type":"if","locations":[{"start":{"line":24,"column":6},"end":{"line":27,"column":7}},{"start":{},"end":{}}]},"1":{"loc":{"start":{"line":61,"column":6},"end":{"line":65,"column":7}},"type":"if","locations":[{"start":{"line":61,"column":6},"end":{"line":65,"column":7}},{"start":{"line":63,"column":13},"end":{"line":65,"column":7}}]}},"s":{"0":0,"1":0,"2":0,"3":0,"4":0,"5":0,"6":0,"7":0,"8":0,"9":0,"10":0,"11":0,"12":0,"13":0,"14":0,"15":0,"16":0,"17":0,"18":0,"19":0,"20":0},"f":{"0":0,"1":0,"2":0},"b":{"0":[0,0],"1":[0,0]}}
,"C:\\Users\\Jyotsna\\Desktop\\Projects\\collaborative-task-manager\\backend\\src\\dtos\\auth.dto.ts": {"path":"C:\\Users\\Jyotsna\\Desktop\\Projects\\collaborative-task-manager\\backend\\src\\dtos\\auth.dto.ts","statementMap":{"0":{"start":{"line":1,"column":0},"end":{"line":1,"column":24}},"1":{"start":{"line":3,"column":13},"end":{"line":7,"column":3}},"2":{"start":{"line":9,"column":13},"end":{"line":12,"column":3}}},"fnMap":{},"branchMap":{},"s":{"0":0,"1":0,"2":0},"f":{},"b":{}}
,"C:\\Users\\Jyotsna\\Desktop\\Projects\\collaborative-task-manager\\backend\\src\\dtos\\task.dto.ts": {"path":"C:\\Users\\Jyotsna\\Desktop\\Projects\\collaborative-task-manager\\backend\\src\\dtos\\task.dto.ts","statementMap":{"0":{"start":{"line":1,"column":0},"end":{"line":1,"column":24}},"1":{"start":{"line":3,"column":13},"end":{"line":9,"column":3}},"2":{"start":{"line":11,"column":13},"end":{"line":18,"column":3}}},"fnMap":{},"branchMap":{},"s":{"0":0,"1":0,"2":0},"f":{},"b":{}}
,"C:\\Users\\Jyotsna\\Desktop\\Projects\\collaborative-task-manager\\backend\\src\\middleware\\auth.middleware.ts": {"path":"C:\\Users\\Jyotsna\\Desktop\\Projects\\collaborative-task-manager\\backend\\src\\middleware\\auth.middleware.ts","statementMap":{"0":{"start":{"line":2,"column":0},"end":{"line":2,"column":43}},"1":{"start":{"line":14,"column":28},"end":{"line":35,"column":1}},"2":{"start":{"line":19,"column":2},"end":{"line":34,"column":3}},"3":{"start":{"line":21,"column":18},"end":{"line":21,"column":88}},"4":{"start":{"line":23,"column":4},"end":{"line":26,"column":5}},"5":{"start":{"line":24,"column":6},"end":{"line":24,"column":83}},"6":{"start":{"line":25,"column":6},"end":{"line":25,"column":13}},"7":{"start":{"line":29,"column":20},"end":{"line":29,"column":38}},"8":{"start":{"line":30,"column":4},"end":{"line":30,"column":23}},"9":{"start":{"line":31,"column":4},"end":{"line":31,"column":11}},"10":{"start":{"line":33,"column":4},"end":{"line":33,"column":82}},"11":{"start":{"line":14,"column":13},"end":{"line":14,"column":28}}},"fnMap":{"0":{"name":"(anonymous_0)","decl":{"start":{"line":14,"column":28},"end":{"line":14,"column":null}},"loc":{"start":{"line":18,"column":10},"end":{"line":35,"column":1}}}},"branchMap":{"0":{"loc":{"start":{"line":21,"column":18},"end":{"line":21,"column":88}},"type":"binary-expr","locations":[{"start":{"line":21,"column":18},"end":{"line":21,"column":35}},{"start":{"line":21,"column":39},"end":{"line":21,"column":88}}]},"1":{"loc":{"start":{"line":23,"column":4},"end":{"line":26,"column":5}},"type":"if","locations":[{"start":{"line":23,"column":4},"end":{"line":26,"column":5}},{"start":{},"end":{}}]}},"s":{"0":0,"1":0,"2":0,"3":0,"4":0,"5":0,"6":0,"7":0,"8":0,"9":0,"10":0,"11":0},"f":{"0":0},"b":{"0":[0,0],"1":[0,0]}}
,"C:\\Users\\Jyotsna\\Desktop\\Projects\\collaborative-task-manager\\backend\\src\\repositories\\task.repository.ts": {"path":"C:\\Users\\Jyotsna\\Desktop\\Projects\\collaborative-task-manager\\backend\\src\\repositories\\task.repository.ts","statementMap":{"0":{"start":{"line":2,"column":0},"end":{"line":2,"column":40}},"1":{"start":{"line":28,"column":4},"end":{"line":34,"column":7}},"2":{"start":{"line":41,"column":97},"end":{"line":41,"column":104}},"3":{"start":{"line":43,"column":4},"end":{"line":55,"column":7}},"4":{"start":{"line":62,"column":4},"end":{"line":68,"column":7}},"5":{"start":{"line":75,"column":4},"end":{"line":82,"column":7}},"6":{"start":{"line":89,"column":4},"end":{"line":89,"column":49}},"7":{"start":{"line":96,"column":16},"end":{"line":96,"column":26}},"8":{"start":{"line":97,"column":4},"end":{"line":108,"column":7}},"9":{"start":{"line":16,"column":0},"end":{"line":16,"column":13}}},"fnMap":{"0":{"name":"(anonymous_1)","decl":{"start":{"line":20,"column":2},"end":{"line":20,"column":7}},"loc":{"start":{"line":27,"column":3},"end":{"line":35,"column":3}}},"1":{"name":"(anonymous_2)","decl":{"start":{"line":40,"column":2},"end":{"line":40,"column":7}},"loc":{"start":{"line":40,"column":36},"end":{"line":56,"column":3}}},"2":{"name":"(anonymous_3)","decl":{"start":{"line":61,"column":2},"end":{"line":61,"column":7}},"loc":{"start":{"line":61,"column":27},"end":{"line":69,"column":3}}},"3":{"name":"(anonymous_4)","decl":{"start":{"line":74,"column":2},"end":{"line":74,"column":7}},"loc":{"start":{"line":74,"column":46},"end":{"line":83,"column":3}}},"4":{"name":"(anonymous_5)","decl":{"start":{"line":88,"column":2},"end":{"line":88,"column":7}},"loc":{"start":{"line":88,"column":25},"end":{"line":90,"column":3}}},"5":{"name":"(anonymous_6)","decl":{"start":{"line":95,"column":2},"end":{"line":95,"column":7}},"loc":{"start":{"line":95,"column":34},"end":{"line":109,"column":3}}}},"branchMap":{"0":{"loc":{"start":{"line":41,"column":55},"end":{"line":41,"column":73}},"type":"default-arg","locations":[{"start":{"line":41,"column":64},"end":{"line":41,"column":73}}]},"1":{"loc":{"start":{"line":41,"column":75},"end":{"line":41,"column":92}},"type":"default-arg","locations":[{"start":{"line":41,"column":87},"end":{"line":41,"column":92}}]},"2":{"loc":{"start":{"line":45,"column":12},"end":{"line":45,"column":32}},"type":"binary-expr","locations":[{"start":{"line":45,"column":12},"end":{"line":45,"column":18}},{"start":{"line":45,"column":22},"end":{"line":45,"column":32}}]},"3":{"loc":{"start":{"line":46,"column":12},"end":{"line":46,"column":36}},"type":"binary-expr","locations":[{"start":{"line":46,"column":12},"end":{"line":46,"column":20}},{"start":{"line":46,"column":24},"end":{"line":46,"column":36}}]},"4":{"loc":{"start":{"line":47,"column":12},"end":{"line":47,"column":38}},"type":"binary-expr","locations":[{"start":{"line":47,"column":12},"end":{"line":47,"column":21}},{"start":{"line":47,"column":25},"end":{"line":47,"column":38}}]},"5":{"loc":{"start":{"line":48,"column":12},"end":{"line":48,"column":44}},"type":"binary-expr","locations":[{"start":{"line":48,"column":12},"end":{"line":48,"column":24}},{"start":{"line":48,"column":28},"end":{"line":48,"column":44}}]}},"s":{"0":1,"1":0,"2":0,"3":0,"4":0,"5":0,"6":0,"7":0,"8":0,"9":1},"f":{"0":0,"1":0,"2":0,"3":0,"4":0,"5":0},"b":{"0":[0],"1":[0],"2":[0,0],"3":[0,0],"4":[0,0],"5":[0,0]}}
,"C:\\Users\\Jyotsna\\Desktop\\Projects\\collaborative-task-manager\\backend\\src\\repositories\\user.repository.ts": {"path":"C:\\Users\\Jyotsna\\Desktop\\Projects\\collaborative-task-manager\\backend\\src\\repositories\\user.repository.ts","statementMap":{"0":{"start":{"line":2,"column":0},"end":{"line":2,"column":40}},"1":{"start":{"line":12,"column":4},"end":{"line":12,"column":56}},"2":{"start":{"line":19,"column":4},"end":{"line":19,"column":53}},"3":{"start":{"line":26,"column":4},"end":{"line":26,"column":40}},"4":{"start":{"line":33,"column":4},"end":{"line":33,"column":55}},"5":{"start":{"line":7,"column":0},"end":{"line":7,"column":13}}},"fnMap":{"0":{"name":"(anonymous_1)","decl":{"start":{"line":11,"column":2},"end":{"line":11,"column":7}},"loc":{"start":{"line":11,"column":33},"end":{"line":13,"column":3}}},"1":{"name":"(anonymous_2)","decl":{"start":{"line":18,"column":2},"end":{"line":18,"column":7}},"loc":{"start":{"line":18,"column":27},"end":{"line":20,"column":3}}},"2":{"name":"(anonymous_3)","decl":{"start":{"line":25,"column":2},"end":{"line":25,"column":7}},"loc":{"start":{"line":25,"column":70},"end":{"line":27,"column":3}}},"3":{"name":"(anonymous_4)","decl":{"start":{"line":32,"column":2},"end":{"line":32,"column":7}},"loc":{"start":{"line":32,"column":50},"end":{"line":34,"column":3}}}},"branchMap":{},"s":{"0":1,"1":0,"2":0,"3":0,"4":0,"5":1},"f":{"0":0,"1":0,"2":0,"3":0},"b":{}}
,"C:\\Users\\Jyotsna\\Desktop\\Projects\\collaborative-task-manager\\backend\\src\\routes\\auth.routes.ts": {"path":"C:\\Users\\Jyotsna\\Desktop\\Projects\\collaborative-task-manager\\backend\\src\\routes\\auth.routes.ts","statementMap":{"0":{"start":{"line":1,"column":0},"end":{"line":1,"column":33}},"1":{"start":{"line":2,"column":0},"end":{"line":2,"column":64}},"2":{"start":{"line":4,"column":15},"end":{"line":4,"column":23}},"3":{"start":{"line":5,"column":23},"end":{"line":5,"column":43}},"4":{"start":{"line":7,"column":0},"end":{"line":7,"column":50}},"5":{"start":{"line":8,"column":0},"end":{"line":8,"column":44}},"6":{"start":{"line":9,"column":0},"end":{"line":9,"column":46}},"7":{"start":{"line":11,"column":0},"end":{"line":11,"column":22}}},"fnMap":{},"branchMap":{},"s":{"0":0,"1":0,"2":0,"3":0,"4":0,"5":0,"6":0,"7":0},"f":{},"b":{}}
,"C:\\Users\\Jyotsna\\Desktop\\Projects\\collaborative-task-manager\\backend\\src\\routes\\task.routes.ts": {"path":"C:\\Users\\Jyotsna\\Desktop\\Projects\\collaborative-task-manager\\backend\\src\\routes\\task.routes.ts","statementMap":{"0":{"start":{"line":1,"column":0},"end":{"line":1,"column":33}},"1":{"start":{"line":2,"column":0},"end":{"line":2,"column":64}},"2":{"start":{"line":3,"column":0},"end":{"line":3,"column":61}},"3":{"start":{"line":5,"column":15},"end":{"line":5,"column":23}},"4":{"start":{"line":6,"column":23},"end":{"line":6,"column":43}},"5":{"start":{"line":9,"column":0},"end":{"line":9,"column":25}},"6":{"start":{"line":11,"column":0},"end":{"line":11,"column":44}},"7":{"start":{"line":12,"column":0},"end":{"line":12,"column":41}},"8":{"start":{"line":13,"column":0},"end":{"line":13,"column":54}},"9":{"start":{"line":14,"column":0},"end":{"line":14,"column":43}},"10":{"start":{"line":15,"column":0},"end":{"line":15,"column":46}},"11":{"start":{"line":16,"column":0},"end":{"line":16,"column":49}},"12":{"start":{"line":18,"column":0},"end":{"line":18,"column":22}}},"fnMap":{},"branchMap":{},"s":{"0":0,"1":0,"2":0,"3":0,"4":0,"5":0,"6":0,"7":0,"8":0,"9":0,"10":0,"11":0,"12":0},"f":{},"b":{}}
,"C:\\Users\\Jyotsna\\Desktop\\Projects\\collaborative-task-manager\\backend\\src\\routes\\user.routes.ts": {"path":"C:\\Users\\Jyotsna\\Desktop\\Projects\\collaborative-task-manager\\backend\\src\\routes\\user.routes.ts","statementMap":{"0":{"start":{"line":1,"column":0},"end":{"line":1,"column":33}},"1":{"start":{"line":2,"column":0},"end":{"line":2,"column":64}},"2":{"start":{"line":3,"column":0},"end":{"line":3,"column":61}},"3":{"start":{"line":5,"column":15},"end":{"line":5,"column":23}},"4":{"start":{"line":6,"column":23},"end":{"line":6,"column":43}},"5":{"start":{"line":8,"column":0},"end":{"line":8,"column":25}},"6":{"start":{"line":10,"column":0},"end":{"line":10,"column":50}},"7":{"start":{"line":11,"column":0},"end":{"line":11,"column":53}},"8":{"start":{"line":13,"column":0},"end":{"line":13,"column":22}}},"fnMap":{},"branchMap":{},"s":{"0":0,"1":0,"2":0,"3":0,"4":0,"5":0,"6":0,"7":0,"8":0},"f":{},"b":{}}
,"C:\\Users\\Jyotsna\\Desktop\\Projects\\collaborative-task-manager\\backend\\src\\services\\auth.service.ts": {"path":"C:\\Users\\Jyotsna\\Desktop\\Projects\\collaborative-task-manager\\backend\\src\\services\\auth.service.ts","statementMap":{"0":{"start":{"line":1,"column":0},"end":{"line":1,"column":30}},"1":{"start":{"line":2,"column":0},"end":{"line":2,"column":65}},"2":{"start":{"line":4,"column":0},"end":{"line":4,"column":45}},"3":{"start":{"line":10,"column":4},"end":{"line":10,"column":47}},"4":{"start":{"line":18,"column":25},"end":{"line":18,"column":74}},"5":{"start":{"line":19,"column":4},"end":{"line":21,"column":5}},"6":{"start":{"line":20,"column":6},"end":{"line":20,"column":45}},"7":{"start":{"line":24,"column":27},"end":{"line":24,"column":63}},"8":{"start":{"line":27,"column":17},"end":{"line":31,"column":6}},"9":{"start":{"line":34,"column":18},"end":{"line":34,"column":71}},"10":{"start":{"line":36,"column":4},"end":{"line":43,"column":6}},"11":{"start":{"line":51,"column":17},"end":{"line":51,"column":66}},"12":{"start":{"line":52,"column":4},"end":{"line":54,"column":5}},"13":{"start":{"line":53,"column":6},"end":{"line":53,"column":45}},"14":{"start":{"line":57,"column":28},"end":{"line":57,"column":78}},"15":{"start":{"line":58,"column":4},"end":{"line":60,"column":5}},"16":{"start":{"line":59,"column":6},"end":{"line":59,"column":45}},"17":{"start":{"line":63,"column":18},"end":{"line":63,"column":71}},"18":{"start":{"line":65,"column":4},"end":{"line":72,"column":6}},"19":{"start":{"line":6,"column":0},"end":{"line":6,"column":13}}},"fnMap":{"0":{"name":"(anonymous_1)","decl":{"start":{"line":9,"column":2},"end":{"line":9,"column":null}},"loc":{"start":{"line":9,"column":2},"end":{"line":11,"column":3}}},"1":{"name":"(anonymous_2)","decl":{"start":{"line":16,"column":2},"end":{"line":16,"column":7}},"loc":{"start":{"line":16,"column":34},"end":{"line":44,"column":3}}},"2":{"name":"(anonymous_3)","decl":{"start":{"line":49,"column":2},"end":{"line":49,"column":7}},"loc":{"start":{"line":49,"column":28},"end":{"line":73,"column":3}}}},"branchMap":{"0":{"loc":{"start":{"line":19,"column":4},"end":{"line":21,"column":5}},"type":"if","locations":[{"start":{"line":19,"column":4},"end":{"line":21,"column":5}},{"start":{},"end":{}}]},"1":{"loc":{"start":{"line":52,"column":4},"end":{"line":54,"column":5}},"type":"if","locations":[{"start":{"line":52,"column":4},"end":{"line":54,"column":5}},{"start":{},"end":{}}]},"2":{"loc":{"start":{"line":58,"column":4},"end":{"line":60,"column":5}},"type":"if","locations":[{"start":{"line":58,"column":4},"end":{"line":60,"column":5}},{"start":{},"end":{}}]}},"s":{"0":1,"1":1,"2":1,"3":4,"4":2,"5":2,"6":1,"7":1,"8":1,"9":1,"10":1,"11":2,"12":2,"13":0,"14":2,"15":2,"16":1,"17":1,"18":1,"19":1},"f":{"0":4,"1":2,"2":2},"b":{"0":[1,1],"1":[0,2],"2":[1,1]}}
,"C:\\Users\\Jyotsna\\Desktop\\Projects\\collaborative-task-manager\\backend\\src\\services\\task.service.ts": {"path":"C:\\Users\\Jyotsna\\Desktop\\Projects\\collaborative-task-manager\\backend\\src\\services\\task.service.ts","statementMap":{"0":{"start":{"line":1,"column":0},"end":{"line":1,"column":78}},"1":{"start":{"line":9,"column":4},"end":{"line":9,"column":47}},"2":{"start":{"line":16,"column":17},"end":{"line":21,"column":6}},"3":{"start":{"line":23,"column":4},"end":{"line":23,"column":16}},"4":{"start":{"line":30,"column":4},"end":{"line":30,"column":48}},"5":{"start":{"line":37,"column":17},"end":{"line":37,"column":55}},"6":{"start":{"line":38,"column":4},"end":{"line":40,"column":5}},"7":{"start":{"line":39,"column":6},"end":{"line":39,"column":40}},"8":{"start":{"line":41,"column":4},"end":{"line":41,"column":16}},"9":{"start":{"line":48,"column":17},"end":{"line":48,"column":55}},"10":{"start":{"line":49,"column":4},"end":{"line":51,"column":5}},"11":{"start":{"line":50,"column":6},"end":{"line":50,"column":40}},"12":{"start":{"line":54,"column":4},"end":{"line":56,"column":5}},"13":{"start":{"line":55,"column":6},"end":{"line":55,"column":58}},"14":{"start":{"line":58,"column":28},"end":{"line":58,"column":39}},"15":{"start":{"line":59,"column":4},"end":{"line":61,"column":5}},"16":{"start":{"line":60,"column":6},"end":{"line":60,"column":50}},"17":{"start":{"line":63,"column":24},"end":{"line":63,"column":72}},"18":{"start":{"line":66,"column":4},"end":{"line":69,"column":6}},"19":{"start":{"line":76,"column":17},"end":{"line":76,"column":55}},"20":{"start":{"line":77,"column":4},"end":{"line":79,"column":5}},"21":{"start":{"line":78,"column":6},"end":{"line":78,"column":40}},"22":{"start":{"line":82,"column":4},"end":{"line":84,"column":5}},"23":{"start":{"line":83,"column":6},"end":{"line":83,"column":58}},"24":{"start":{"line":86,"column":4},"end":{"line":86,"column":42}},"25":{"start":{"line":93,"column":56},"end":{"line":97,"column":6}},"26":{"start":{"line":99,"column":4},"end":{"line":103,"column":6}},"27":{"start":{"line":5,"column":0},"end":{"line":5,"column":13}}},"fnMap":{"0":{"name":"(anonymous_0)","decl":{"start":{"line":8,"column":2},"end":{"line":8,"column":null}},"loc":{"start":{"line":8,"column":2},"end":{"line":10,"column":3}}},"1":{"name":"(anonymous_1)","decl":{"start":{"line":15,"column":2},"end":{"line":15,"column":7}},"loc":{"start":{"line":15,"column":57},"end":{"line":24,"column":3}}},"2":{"name":"(anonymous_2)","decl":{"start":{"line":29,"column":2},"end":{"line":29,"column":7}},"loc":{"start":{"line":29,"column":37},"end":{"line":31,"column":3}}},"3":{"name":"(anonymous_3)","decl":{"start":{"line":36,"column":2},"end":{"line":36,"column":7}},"loc":{"start":{"line":36,"column":30},"end":{"line":42,"column":3}}},"4":{"name":"(anonymous_4)","decl":{"start":{"line":47,"column":2},"end":{"line":47,"column":7}},"loc":{"start":{"line":47,"column":66},"end":{"line":70,"column":3}}},"5":{"name":"(anonymous_5)","decl":{"start":{"line":75,"column":2},"end":{"line":75,"column":7}},"loc":{"start":{"line":75,"column":45},"end":{"line":87,"column":3}}},"6":{"name":"(anonymous_6)","decl":{"start":{"line":92,"column":2},"end":{"line":92,"column":7}},"loc":{"start":{"line":92,"column":35},"end":{"line":104,"column":3}}}},"branchMap":{"0":{"loc":{"start":{"line":38,"column":4},"end":{"line":40,"column":5}},"type":"if","locations":[{"start":{"line":38,"column":4},"end":{"line":40,"column":5}},{"start":{},"end":{}}]},"1":{"loc":{"start":{"line":49,"column":4},"end":{"line":51,"column":5}},"type":"if","locations":[{"start":{"line":49,"column":4},"end":{"line":51,"column":5}},{"start":{},"end":{}}]},"2":{"loc":{"start":{"line":54,"column":4},"end":{"line":56,"column":5}},"type":"if","locations":[{"start":{"line":54,"column":4},"end":{"line":56,"column":5}},{"start":{},"end":{}}]},"3":{"loc":{"start":{"line":59,"column":4},"end":{"line":61,"column":5}},"type":"if","locations":[{"start":{"line":59,"column":4},"end":{"line":61,"column":5}},{"start":{},"end":{}}]},"4":{"loc":{"start":{"line":68,"column":19},"end":{"line":68,"column":79}},"type":"binary-expr","locations":[{"start":{"line":68,"column":19},"end":{"line":68,"column":36}},{"start":{"line":68,"column":40},"end":{"line":68,"column":79}}]},"5":{"loc":{"start":{"line":77,"column":4},"end":{"line":79,"column":5}},"type":"if","locations":[{"start":{"line":77,"column":4},"end":{"line":79,"column":5}},{"start":{},"end":{}}]},"6":{"loc":{"start":{"line":82,"column":4},"end":{"line":84,"column":5}},"type":"if","locations":[{"start":{"line":82,"column":4},"end":{"line":84,"column":5}},{"start":{},"end":{}}]}},"s":{"0":1,"1":1,"2":1,"3":1,"4":0,"5":0,"6":0,"7":0,"8":0,"9":0,"10":0,"11":0,"12":0,"13":0,"14":0,"15":0,"16":0,"17":0,"18":0,"19":0,"20":0,"21":0,"22":0,"23":0,"24":0,"25":0,"26":0,"27":1},"f":{"0":1,"1":1,"2":0,"3":0,"4":0,"5":0,"6":0},"b":{"0":[0,0],"1":[0,0],"2":[0,0],"3":[0,0],"4":[0,0],"5":[0,0],"6":[0,0]}}
,"C:\\Users\\Jyotsna\\Desktop\\Projects\\collaborative-task-manager\\backend\\src\\socket\\taskSocket.ts": {"path":"C:\\Users\\Jyotsna\\Desktop\\Projects\\collaborative-task-manager\\backend\\src\\socket\\taskSocket.ts","statementMap":{"0":{"start":{"line":10,"column":36},"end":{"line":34,"column":1}},"1":{"start":{"line":11,"column":2},"end":{"line":33,"column":5}},"2":{"start":{"line":12,"column":4},"end":{"line":12,"column":46}},"3":{"start":{"line":15,"column":4},"end":{"line":19,"column":7}},"4":{"start":{"line":16,"column":6},"end":{"line":16,"column":29}},"5":{"start":{"line":17,"column":6},"end":{"line":17,"column":36}},"6":{"start":{"line":18,"column":6},"end":{"line":18,"column":54}},"7":{"start":{"line":22,"column":4},"end":{"line":28,"column":7}},"8":{"start":{"line":23,"column":6},"end":{"line":27,"column":9}},"9":{"start":{"line":30,"column":4},"end":{"line":32,"column":7}},"10":{"start":{"line":31,"column":6},"end":{"line":31,"column":51}},"11":{"start":{"line":10,"column":13},"end":{"line":10,"column":36}}},"fnMap":{"0":{"name":"(anonymous_0)","decl":{"start":{"line":10,"column":36},"end":{"line":10,"column":37}},"loc":{"start":{"line":10,"column":51},"end":{"line":34,"column":1}}},"1":{"name":"(anonymous_1)","decl":{"start":{"line":11,"column":22},"end":{"line":11,"column":23}},"loc":{"start":{"line":11,"column":45},"end":{"line":33,"column":3}}},"2":{"name":"(anonymous_2)","decl":{"start":{"line":15,"column":22},"end":{"line":15,"column":23}},"loc":{"start":{"line":15,"column":41},"end":{"line":19,"column":5}}},"3":{"name":"(anonymous_3)","decl":{"start":{"line":22,"column":29},"end":{"line":22,"column":30}},"loc":{"start":{"line":22,"column":91},"end":{"line":28,"column":5}}},"4":{"name":"(anonymous_4)","decl":{"start":{"line":30,"column":28},"end":{"line":30,"column":31}},"loc":{"start":{"line":30,"column":33},"end":{"line":32,"column":5}}}},"branchMap":{},"s":{"0":0,"1":0,"2":0,"3":0,"4":0,"5":0,"6":0,"7":0,"8":0,"9":0,"10":0,"11":0},"f":{"0":0,"1":0,"2":0,"3":0,"4":0},"b":{}}
,"C:\\Users\\Jyotsna\\Desktop\\Projects\\collaborative-task-manager\\backend\\src\\utils\\jwt.ts": {"path":"C:\\Users\\Jyotsna\\Desktop\\Projects\\collaborative-task-manager\\backend\\src\\utils\\jwt.ts","statementMap":{"0":{"start":{"line":1,"column":0},"end":{"line":1,"column":31}},"1":{"start":{"line":3,"column":19},"end":{"line":3,"column":62}},"2":{"start":{"line":10,"column":29},"end":{"line":12,"column":1}},"3":{"start":{"line":11,"column":2},"end":{"line":11,"column":60}},"4":{"start":{"line":10,"column":13},"end":{"line":10,"column":29}},"5":{"start":{"line":14,"column":27},"end":{"line":16,"column":1}},"6":{"start":{"line":15,"column":2},"end":{"line":15,"column":53}},"7":{"start":{"line":14,"column":13},"end":{"line":14,"column":27}}},"fnMap":{"0":{"name":"(anonymous_1)","decl":{"start":{"line":10,"column":29},"end":{"line":10,"column":30}},"loc":{"start":{"line":10,"column":61},"end":{"line":12,"column":1}}},"1":{"name":"(anonymous_2)","decl":{"start":{"line":14,"column":27},"end":{"line":14,"column":28}},"loc":{"start":{"line":14,"column":57},"end":{"line":16,"column":1}}}},"branchMap":{"0":{"loc":{"start":{"line":3,"column":19},"end":{"line":3,"column":62}},"type":"binary-expr","locations":[{"start":{"line":3,"column":19},"end":{"line":3,"column":41}},{"start":{"line":3,"column":45},"end":{"line":3,"column":62}}]}},"s":{"0":1,"1":1,"2":1,"3":2,"4":1,"5":1,"6":0,"7":1},"f":{"0":2,"1":0},"b":{"0":[1,0]}}
}
